Info: Generated by version: 22.4 build 94
Info: Starting: Create simulation model
Info: qsys-generate /nfs/site/disks/psg_data_14/kweldon/design_files/examples/simulations/axi_sims/basic_ram/my_sys.qsys --simulation=VERILOG --allow-mixed-language-simulation --simulator=MODELSIM --output-directory=/nfs/site/disks/psg_data_14/kweldon/design_files/examples/simulations/axi_sims/basic_ram/my_sys --family="Stratix 10" --part=1SM21BHU2F53E1VG
Progress: Loading basic_ram/my_sys.qsys
Progress: Reading input file
Progress: Parameterizing module clock_in
Progress: Parameterizing module mgc_axi4_master_0
Progress: Parameterizing module my_sys_onchip_memory
Progress: Parameterizing module reset_in
Progress: Building connections
Progress: Parameterizing connections
Progress: Validating
Progress: Done reading input file
Info: my_sys: "Transforming system: my_sys"
Info: Interconnect is inserted between master mgc_axi4_master_0.altera_axi4_master and slave my_sys_onchip_memory.s1 because the master is of type axi4 and the slave is of type avalon.
Info: my_sys: "Naming system components in system: my_sys"
Info: my_sys: "Processing generation queue"
Info: my_sys: "Generating: my_sys"
Info: my_sys: "Generating: my_sys_clock_in"
Info: my_sys: "Generating: my_sys_mgc_axi4_master_0"
Info: my_sys: "Generating: my_sys_onchip_memory"
Info: my_sys: "Generating: my_sys_reset_in"
Info: my_sys: "Generating: my_sys_altera_mm_interconnect_1920_mkw2iea"
Info: my_sys: "Generating: altera_reset_controller"
Info: my_sys: "Generating: my_sys_altera_merlin_axi_translator_1921_uetfduq"
Info: my_sys: "Generating: my_sys_altera_merlin_slave_translator_191_x56fcki"
Info: my_sys: "Generating: my_sys_altera_merlin_axi_master_ni_1941_dfsyzvi"
Info: my_sys: "Generating: my_sys_altera_merlin_slave_agent_191_ncfkfri"
Info: my_sys: "Generating: my_sys_altera_avalon_sc_fifo_1931_vhmcgqy"
Info: my_sys: "Generating: my_sys_altera_merlin_router_1921_7h7acry"
Info: my_sys: "Generating: my_sys_altera_merlin_router_1921_4qodq7q"
Info: my_sys: "Generating: my_sys_altera_merlin_burst_adapter_1923_so5wwfa"
Info: my_altera_avalon_st_pipeline_stage: "Generating: my_altera_avalon_st_pipeline_stage"
Info: my_sys: "Generating: my_sys_altera_merlin_demultiplexer_1921_rcmnspa"
Info: my_sys: "Generating: my_sys_altera_merlin_multiplexer_1921_j3eq7qq"
Info: my_sys: "Generating: my_sys_altera_merlin_demultiplexer_1921_puk3qty"
Info: my_sys: "Generating: my_sys_altera_merlin_multiplexer_1921_mld4uby"
Info: my_sys: "Generating: my_sys_altera_merlin_burst_adapter_altera_avalon_st_pipeline_stage_1923_ggrplpy"
Info: my_sys: "Generating: my_sys_altera_avalon_st_pipeline_stage_1920_zterisq"
Info: my_sys: Done "my_sys" with 21 modules, 31 files
Info: Generating the following file(s) for MODELSIM simulator in /nfs/site/disks/psg_data_14/kweldon/design_files/examples/simulations/axi_sims/basic_ram/my_sys/sim/ directory:
Info: 	common/modelsim_files.tcl
Info: For information on how to simulate your IP, see the explanatory comments in the simulator-specific subdirectories under /nfs/site/disks/psg_data_14/kweldon/design_files/examples/simulations/axi_sims/basic_ram/my_sys/sim/.
Info: Regenerate these scripts whenever you make any change to any Quartus-generated IP in your project.
Info: Finished: Create simulation model
Info: Starting: Create simulation script
Info: sim-script-gen --system-file=/nfs/site/disks/psg_data_14/kweldon/design_files/examples/simulations/axi_sims/basic_ram/my_sys.qsys --simulator=MODELSIM --output-directory=/nfs/site/disks/psg_data_14/kweldon/design_files/examples/simulations/axi_sims/basic_ram/my_sys/sim/ --use-relative-paths=true
Info: Generating the following file(s) for MODELSIM simulator in /nfs/site/disks/psg_data_14/kweldon/design_files/examples/simulations/axi_sims/basic_ram/my_sys/sim/ directory:
Info: 	mentor/msim_setup.tcl
Info: For information on how to simulate your IP, see the explanatory comments in the simulator-specific subdirectories under /nfs/site/disks/psg_data_14/kweldon/design_files/examples/simulations/axi_sims/basic_ram/my_sys/sim/.
Info: Regenerate these scripts whenever you make any change to any Quartus-generated IP in your project.
Info: Finished: Create simulation script
